ERROR:root:Except on auto_unfollow!
Traceback (most recent call last):
  File "E:\Users\Alexmp\Documents\MEGAsync\Cosas_Uni\Proyectos\BotInsta\instabot.py-master\src\instabot.py", line 848, in auto_unfollow
    user_info = all_data['user']
KeyError: 'user'
ERROR:root:Except on auto_unfollow!
Traceback (most recent call last):
  File "E:\Users\Alexmp\Documents\MEGAsync\Cosas_Uni\Proyectos\BotInsta\instabot.py-master\src\instabot.py", line 848, in auto_unfollow
    user_info = all_data['user']
KeyError: 'user'
ERROR:root:Except on get_username_by_user_id
Traceback (most recent call last):
  File "C:\Users\alexm\AppData\Local\Programs\Python\Python36\lib\site-packages\urllib3\connectionpool.py", line 380, in _make_request
    httplib_response = conn.getresponse(buffering=True)
TypeError: getresponse() got an unexpected keyword argument 'buffering'

During handling of the above exception, another exception occurred:

Traceback (most recent call last):
  File "E:\Users\Alexmp\Documents\MEGAsync\Cosas_Uni\Proyectos\BotInsta\instabot.py-master\src\instabot.py", line 405, in get_username_by_user_id
    r = self.s.get(url_info, headers="")
  File "C:\Users\alexm\AppData\Local\Programs\Python\Python36\lib\site-packages\requests\sessions.py", line 521, in get
    return self.request('GET', url, **kwargs)
  File "C:\Users\alexm\AppData\Local\Programs\Python\Python36\lib\site-packages\requests\sessions.py", line 508, in request
    resp = self.send(prep, **send_kwargs)
  File "C:\Users\alexm\AppData\Local\Programs\Python\Python36\lib\site-packages\requests\sessions.py", line 618, in send
    r = adapter.send(request, **kwargs)
  File "C:\Users\alexm\AppData\Local\Programs\Python\Python36\lib\site-packages\requests\adapters.py", line 440, in send
    timeout=timeout
  File "C:\Users\alexm\AppData\Local\Programs\Python\Python36\lib\site-packages\urllib3\connectionpool.py", line 601, in urlopen
    chunked=chunked)
  File "C:\Users\alexm\AppData\Local\Programs\Python\Python36\lib\site-packages\urllib3\connectionpool.py", line 383, in _make_request
    httplib_response = conn.getresponse()
  File "C:\Users\alexm\AppData\Local\Programs\Python\Python36\lib\http\client.py", line 1331, in getresponse
    response.begin()
  File "C:\Users\alexm\AppData\Local\Programs\Python\Python36\lib\http\client.py", line 297, in begin
    version, status, reason = self._read_status()
  File "C:\Users\alexm\AppData\Local\Programs\Python\Python36\lib\http\client.py", line 258, in _read_status
    line = str(self.fp.readline(_MAXLINE + 1), "iso-8859-1")
  File "C:\Users\alexm\AppData\Local\Programs\Python\Python36\lib\socket.py", line 586, in readinto
    return self._sock.recv_into(b)
  File "C:\Users\alexm\AppData\Local\Programs\Python\Python36\lib\ssl.py", line 1009, in recv_into
    return self.read(nbytes, buffer)
  File "C:\Users\alexm\AppData\Local\Programs\Python\Python36\lib\ssl.py", line 871, in read
    return self._sslobj.read(len, buffer)
  File "C:\Users\alexm\AppData\Local\Programs\Python\Python36\lib\ssl.py", line 631, in read
    v = self._sslobj.read(len, buffer)
KeyboardInterrupt
ERROR:root:Except on follow!
Traceback (most recent call last):
  File "E:\Users\Alexmp\Documents\MEGAsync\Cosas_Uni\Proyectos\BotInsta\instabot.py-master\src\instabot.py", line 616, in follow
    insert_username(self, user_id=user_id, username=username)
  File "E:\Users\Alexmp\Documents\MEGAsync\Cosas_Uni\Proyectos\BotInsta\instabot.py-master\src\sql_updates.py", line 74, in insert_username
    VALUES('"+user_id+"','"+username+"','"+ str(now) +"')")
TypeError: must be str, not bool
WARNING:fake_useragent:Error occurred during loading data. Trying to use cache server http://d2g6u4gh6d9rq0.cloudfront.net/browsers/fake_useragent_0.1.10.json
Traceback (most recent call last):
  File "C:\Users\alexm\AppData\Local\Programs\Python\Python36-32\lib\site-packages\fake_useragent\utils.py", line 67, in get
    context=context,
  File "C:\Users\alexm\AppData\Local\Programs\Python\Python36-32\lib\urllib\request.py", line 223, in urlopen
    return opener.open(url, data, timeout)
  File "C:\Users\alexm\AppData\Local\Programs\Python\Python36-32\lib\urllib\request.py", line 526, in open
    response = self._open(req, data)
  File "C:\Users\alexm\AppData\Local\Programs\Python\Python36-32\lib\urllib\request.py", line 544, in _open
    '_open', req)
  File "C:\Users\alexm\AppData\Local\Programs\Python\Python36-32\lib\urllib\request.py", line 504, in _call_chain
    result = func(*args)
  File "C:\Users\alexm\AppData\Local\Programs\Python\Python36-32\lib\urllib\request.py", line 1346, in http_open
    return self.do_open(http.client.HTTPConnection, req)
  File "C:\Users\alexm\AppData\Local\Programs\Python\Python36-32\lib\urllib\request.py", line 1321, in do_open
    r = h.getresponse()
  File "C:\Users\alexm\AppData\Local\Programs\Python\Python36-32\lib\http\client.py", line 1331, in getresponse
    response.begin()
  File "C:\Users\alexm\AppData\Local\Programs\Python\Python36-32\lib\http\client.py", line 297, in begin
    version, status, reason = self._read_status()
  File "C:\Users\alexm\AppData\Local\Programs\Python\Python36-32\lib\http\client.py", line 258, in _read_status
    line = str(self.fp.readline(_MAXLINE + 1), "iso-8859-1")
  File "C:\Users\alexm\AppData\Local\Programs\Python\Python36-32\lib\socket.py", line 586, in readinto
    return self._sock.recv_into(b)
socket.timeout: timed out

During handling of the above exception, another exception occurred:

Traceback (most recent call last):
  File "C:\Users\alexm\AppData\Local\Programs\Python\Python36-32\lib\site-packages\fake_useragent\utils.py", line 166, in load
    verify_ssl=verify_ssl,
  File "C:\Users\alexm\AppData\Local\Programs\Python\Python36-32\lib\site-packages\fake_useragent\utils.py", line 122, in get_browser_versions
    verify_ssl=verify_ssl,
  File "C:\Users\alexm\AppData\Local\Programs\Python\Python36-32\lib\site-packages\fake_useragent\utils.py", line 84, in get
    raise FakeUserAgentError('Maximum amount of retries reached')
fake_useragent.errors.FakeUserAgentError: Maximum amount of retries reached
ERROR:root:Except on get_username_by_user_id
Traceback (most recent call last):
  File "E:\Users\Alexmp\Documents\MEGAsync\Cosas_Uni\Proyectos\BotInsta\instabot.py-master\src\instabot.py", line 407, in get_username_by_user_id
    username = all_data['graphql']["user"]["username"]
KeyError: 'graphql'
ERROR:root:Except on follow!
Traceback (most recent call last):
  File "E:\Users\Alexmp\Documents\MEGAsync\Cosas_Uni\Proyectos\BotInsta\instabot.py-master\src\instabot.py", line 616, in follow
    insert_username(self, user_id=user_id, username=username)
  File "E:\Users\Alexmp\Documents\MEGAsync\Cosas_Uni\Proyectos\BotInsta\instabot.py-master\src\sql_updates.py", line 74, in insert_username
    VALUES('"+user_id+"','"+username+"','"+ str(now) +"')")
TypeError: must be str, not bool
ERROR:root:Logout error!
Traceback (most recent call last):
  File "E:\Users\Alexmp\Documents\MEGAsync\Cosas_Uni\Proyectos\BotInsta\instabot.py-master\src\instabot.py", line 322, in logout
    logout = self.s.post(self.url_logout, data=logout_post)
  File "C:\Users\alexm\AppData\Local\Programs\Python\Python36\lib\site-packages\requests\sessions.py", line 555, in post
    return self.request('POST', url, data=data, json=json, **kwargs)
  File "C:\Users\alexm\AppData\Local\Programs\Python\Python36\lib\site-packages\requests\sessions.py", line 508, in request
    resp = self.send(prep, **send_kwargs)
  File "C:\Users\alexm\AppData\Local\Programs\Python\Python36\lib\site-packages\requests\sessions.py", line 640, in send
    history = [resp for resp in gen] if allow_redirects else []
  File "C:\Users\alexm\AppData\Local\Programs\Python\Python36\lib\site-packages\requests\sessions.py", line 640, in <listcomp>
    history = [resp for resp in gen] if allow_redirects else []
  File "C:\Users\alexm\AppData\Local\Programs\Python\Python36\lib\site-packages\requests\sessions.py", line 218, in resolve_redirects
    **adapter_kwargs
  File "C:\Users\alexm\AppData\Local\Programs\Python\Python36\lib\site-packages\requests\sessions.py", line 634, in send
    extract_cookies_to_jar(self.cookies, request, r.raw)
  File "C:\Users\alexm\AppData\Local\Programs\Python\Python36\lib\site-packages\requests\cookies.py", line 133, in extract_cookies_to_jar
    jar.extract_cookies(res, req)
  File "C:\Users\alexm\AppData\Local\Programs\Python\Python36\lib\http\cookiejar.py", line 1664, in extract_cookies
    for cookie in self.make_cookies(response, request):
  File "C:\Users\alexm\AppData\Local\Programs\Python\Python36\lib\http\cookiejar.py", line 1604, in make_cookies
    parse_ns_headers(ns_hdrs), request)
  File "C:\Users\alexm\AppData\Local\Programs\Python\Python36\lib\http\cookiejar.py", line 1561, in _cookies_from_attrs_set
    cookie = self._cookie_from_cookie_tuple(tup, request)
  File "C:\Users\alexm\AppData\Local\Programs\Python\Python36\lib\http\cookiejar.py", line 1478, in _cookie_from_cookie_tuple
    version = int(version)
KeyboardInterrupt
ERROR:root:Except on unfollow... Looks like a network error
Traceback (most recent call last):
  File "E:\Users\Alexmp\Documents\MEGAsync\Cosas_Uni\Proyectos\BotInsta\instabot.py-master\src\instabot.py", line 652, in unfollow_on_cleanup
    time.sleep(300)
KeyboardInterrupt
ERROR:root:Except on unfollow... Looks like a network error
Traceback (most recent call last):
  File "C:\Users\alexm\AppData\Local\Programs\Python\Python36\lib\site-packages\urllib3\connectionpool.py", line 380, in _make_request
    httplib_response = conn.getresponse(buffering=True)
TypeError: getresponse() got an unexpected keyword argument 'buffering'

During handling of the above exception, another exception occurred:

Traceback (most recent call last):
  File "E:\Users\Alexmp\Documents\MEGAsync\Cosas_Uni\Proyectos\BotInsta\instabot.py-master\src\instabot.py", line 643, in unfollow_on_cleanup
    unfollow = self.s.post(url_unfollow)
  File "C:\Users\alexm\AppData\Local\Programs\Python\Python36\lib\site-packages\requests\sessions.py", line 555, in post
    return self.request('POST', url, data=data, json=json, **kwargs)
  File "C:\Users\alexm\AppData\Local\Programs\Python\Python36\lib\site-packages\requests\sessions.py", line 508, in request
    resp = self.send(prep, **send_kwargs)
  File "C:\Users\alexm\AppData\Local\Programs\Python\Python36\lib\site-packages\requests\sessions.py", line 618, in send
    r = adapter.send(request, **kwargs)
  File "C:\Users\alexm\AppData\Local\Programs\Python\Python36\lib\site-packages\requests\adapters.py", line 440, in send
    timeout=timeout
  File "C:\Users\alexm\AppData\Local\Programs\Python\Python36\lib\site-packages\urllib3\connectionpool.py", line 601, in urlopen
    chunked=chunked)
  File "C:\Users\alexm\AppData\Local\Programs\Python\Python36\lib\site-packages\urllib3\connectionpool.py", line 383, in _make_request
    httplib_response = conn.getresponse()
  File "C:\Users\alexm\AppData\Local\Programs\Python\Python36\lib\http\client.py", line 1331, in getresponse
    response.begin()
  File "C:\Users\alexm\AppData\Local\Programs\Python\Python36\lib\http\client.py", line 297, in begin
    version, status, reason = self._read_status()
  File "C:\Users\alexm\AppData\Local\Programs\Python\Python36\lib\http\client.py", line 258, in _read_status
    line = str(self.fp.readline(_MAXLINE + 1), "iso-8859-1")
  File "C:\Users\alexm\AppData\Local\Programs\Python\Python36\lib\socket.py", line 586, in readinto
    return self._sock.recv_into(b)
  File "C:\Users\alexm\AppData\Local\Programs\Python\Python36\lib\ssl.py", line 1009, in recv_into
    return self.read(nbytes, buffer)
  File "C:\Users\alexm\AppData\Local\Programs\Python\Python36\lib\ssl.py", line 871, in read
    return self._sslobj.read(len, buffer)
  File "C:\Users\alexm\AppData\Local\Programs\Python\Python36\lib\ssl.py", line 631, in read
    v = self._sslobj.read(len, buffer)
KeyboardInterrupt
ERROR:root:Except on unfollow... Looks like a network error
Traceback (most recent call last):
  File "C:\Users\alexm\AppData\Local\Programs\Python\Python36\lib\site-packages\urllib3\connectionpool.py", line 380, in _make_request
    httplib_response = conn.getresponse(buffering=True)
TypeError: getresponse() got an unexpected keyword argument 'buffering'

During handling of the above exception, another exception occurred:

Traceback (most recent call last):
  File "E:\Users\Alexmp\Documents\MEGAsync\Cosas_Uni\Proyectos\BotInsta\instabot.py-master\src\instabot.py", line 643, in unfollow_on_cleanup
    unfollow = self.s.post(url_unfollow)
  File "C:\Users\alexm\AppData\Local\Programs\Python\Python36\lib\site-packages\requests\sessions.py", line 555, in post
    return self.request('POST', url, data=data, json=json, **kwargs)
  File "C:\Users\alexm\AppData\Local\Programs\Python\Python36\lib\site-packages\requests\sessions.py", line 508, in request
    resp = self.send(prep, **send_kwargs)
  File "C:\Users\alexm\AppData\Local\Programs\Python\Python36\lib\site-packages\requests\sessions.py", line 618, in send
    r = adapter.send(request, **kwargs)
  File "C:\Users\alexm\AppData\Local\Programs\Python\Python36\lib\site-packages\requests\adapters.py", line 440, in send
    timeout=timeout
  File "C:\Users\alexm\AppData\Local\Programs\Python\Python36\lib\site-packages\urllib3\connectionpool.py", line 601, in urlopen
    chunked=chunked)
  File "C:\Users\alexm\AppData\Local\Programs\Python\Python36\lib\site-packages\urllib3\connectionpool.py", line 383, in _make_request
    httplib_response = conn.getresponse()
  File "C:\Users\alexm\AppData\Local\Programs\Python\Python36\lib\http\client.py", line 1331, in getresponse
    response.begin()
  File "C:\Users\alexm\AppData\Local\Programs\Python\Python36\lib\http\client.py", line 297, in begin
    version, status, reason = self._read_status()
  File "C:\Users\alexm\AppData\Local\Programs\Python\Python36\lib\http\client.py", line 258, in _read_status
    line = str(self.fp.readline(_MAXLINE + 1), "iso-8859-1")
  File "C:\Users\alexm\AppData\Local\Programs\Python\Python36\lib\socket.py", line 586, in readinto
    return self._sock.recv_into(b)
  File "C:\Users\alexm\AppData\Local\Programs\Python\Python36\lib\ssl.py", line 1009, in recv_into
    return self.read(nbytes, buffer)
  File "C:\Users\alexm\AppData\Local\Programs\Python\Python36\lib\ssl.py", line 871, in read
    return self._sslobj.read(len, buffer)
  File "C:\Users\alexm\AppData\Local\Programs\Python\Python36\lib\ssl.py", line 631, in read
    v = self._sslobj.read(len, buffer)
KeyboardInterrupt
ERROR:root:Except on unfollow... Looks like a network error
Traceback (most recent call last):
  File "C:\Users\alexm\AppData\Local\Programs\Python\Python36\lib\site-packages\urllib3\connectionpool.py", line 380, in _make_request
    httplib_response = conn.getresponse(buffering=True)
TypeError: getresponse() got an unexpected keyword argument 'buffering'

During handling of the above exception, another exception occurred:

Traceback (most recent call last):
  File "E:\Users\Alexmp\Documents\MEGAsync\Cosas_Uni\Proyectos\BotInsta\instabot.py-master\src\instabot.py", line 643, in unfollow_on_cleanup
    unfollow = self.s.post(url_unfollow)
  File "C:\Users\alexm\AppData\Local\Programs\Python\Python36\lib\site-packages\requests\sessions.py", line 555, in post
    return self.request('POST', url, data=data, json=json, **kwargs)
  File "C:\Users\alexm\AppData\Local\Programs\Python\Python36\lib\site-packages\requests\sessions.py", line 508, in request
    resp = self.send(prep, **send_kwargs)
  File "C:\Users\alexm\AppData\Local\Programs\Python\Python36\lib\site-packages\requests\sessions.py", line 618, in send
    r = adapter.send(request, **kwargs)
  File "C:\Users\alexm\AppData\Local\Programs\Python\Python36\lib\site-packages\requests\adapters.py", line 440, in send
    timeout=timeout
  File "C:\Users\alexm\AppData\Local\Programs\Python\Python36\lib\site-packages\urllib3\connectionpool.py", line 601, in urlopen
    chunked=chunked)
  File "C:\Users\alexm\AppData\Local\Programs\Python\Python36\lib\site-packages\urllib3\connectionpool.py", line 383, in _make_request
    httplib_response = conn.getresponse()
  File "C:\Users\alexm\AppData\Local\Programs\Python\Python36\lib\http\client.py", line 1331, in getresponse
    response.begin()
  File "C:\Users\alexm\AppData\Local\Programs\Python\Python36\lib\http\client.py", line 297, in begin
    version, status, reason = self._read_status()
  File "C:\Users\alexm\AppData\Local\Programs\Python\Python36\lib\http\client.py", line 258, in _read_status
    line = str(self.fp.readline(_MAXLINE + 1), "iso-8859-1")
  File "C:\Users\alexm\AppData\Local\Programs\Python\Python36\lib\socket.py", line 586, in readinto
    return self._sock.recv_into(b)
  File "C:\Users\alexm\AppData\Local\Programs\Python\Python36\lib\ssl.py", line 1009, in recv_into
    return self.read(nbytes, buffer)
  File "C:\Users\alexm\AppData\Local\Programs\Python\Python36\lib\ssl.py", line 871, in read
    return self._sslobj.read(len, buffer)
  File "C:\Users\alexm\AppData\Local\Programs\Python\Python36\lib\ssl.py", line 631, in read
    v = self._sslobj.read(len, buffer)
KeyboardInterrupt
ERROR:root:Except on unfollow... Looks like a network error
Traceback (most recent call last):
  File "C:\Users\alexm\AppData\Local\Programs\Python\Python36\lib\site-packages\urllib3\connectionpool.py", line 380, in _make_request
    httplib_response = conn.getresponse(buffering=True)
TypeError: getresponse() got an unexpected keyword argument 'buffering'

During handling of the above exception, another exception occurred:

Traceback (most recent call last):
  File "E:\Users\Alexmp\Documents\MEGAsync\Cosas_Uni\Proyectos\BotInsta\instabot.py-master\src\instabot.py", line 643, in unfollow_on_cleanup
    unfollow = self.s.post(url_unfollow)
  File "C:\Users\alexm\AppData\Local\Programs\Python\Python36\lib\site-packages\requests\sessions.py", line 555, in post
    return self.request('POST', url, data=data, json=json, **kwargs)
  File "C:\Users\alexm\AppData\Local\Programs\Python\Python36\lib\site-packages\requests\sessions.py", line 508, in request
    resp = self.send(prep, **send_kwargs)
  File "C:\Users\alexm\AppData\Local\Programs\Python\Python36\lib\site-packages\requests\sessions.py", line 618, in send
    r = adapter.send(request, **kwargs)
  File "C:\Users\alexm\AppData\Local\Programs\Python\Python36\lib\site-packages\requests\adapters.py", line 440, in send
    timeout=timeout
  File "C:\Users\alexm\AppData\Local\Programs\Python\Python36\lib\site-packages\urllib3\connectionpool.py", line 601, in urlopen
    chunked=chunked)
  File "C:\Users\alexm\AppData\Local\Programs\Python\Python36\lib\site-packages\urllib3\connectionpool.py", line 383, in _make_request
    httplib_response = conn.getresponse()
  File "C:\Users\alexm\AppData\Local\Programs\Python\Python36\lib\http\client.py", line 1331, in getresponse
    response.begin()
  File "C:\Users\alexm\AppData\Local\Programs\Python\Python36\lib\http\client.py", line 297, in begin
    version, status, reason = self._read_status()
  File "C:\Users\alexm\AppData\Local\Programs\Python\Python36\lib\http\client.py", line 258, in _read_status
    line = str(self.fp.readline(_MAXLINE + 1), "iso-8859-1")
  File "C:\Users\alexm\AppData\Local\Programs\Python\Python36\lib\socket.py", line 586, in readinto
    return self._sock.recv_into(b)
  File "C:\Users\alexm\AppData\Local\Programs\Python\Python36\lib\ssl.py", line 1009, in recv_into
    return self.read(nbytes, buffer)
  File "C:\Users\alexm\AppData\Local\Programs\Python\Python36\lib\ssl.py", line 871, in read
    return self._sslobj.read(len, buffer)
  File "C:\Users\alexm\AppData\Local\Programs\Python\Python36\lib\ssl.py", line 631, in read
    v = self._sslobj.read(len, buffer)
KeyboardInterrupt
ERROR:root:Except on follow!
Traceback (most recent call last):
  File "C:\Users\alexm\AppData\Local\Programs\Python\Python36\lib\site-packages\urllib3\connectionpool.py", line 380, in _make_request
    httplib_response = conn.getresponse(buffering=True)
TypeError: getresponse() got an unexpected keyword argument 'buffering'

During handling of the above exception, another exception occurred:

Traceback (most recent call last):
  File "E:\Users\Alexmp\Documents\MEGAsync\Cosas_Uni\Proyectos\BotInsta\instabot.py-master\src\instabot.py", line 609, in follow
    follow = self.s.post(url_follow)
  File "C:\Users\alexm\AppData\Local\Programs\Python\Python36\lib\site-packages\requests\sessions.py", line 555, in post
    return self.request('POST', url, data=data, json=json, **kwargs)
  File "C:\Users\alexm\AppData\Local\Programs\Python\Python36\lib\site-packages\requests\sessions.py", line 508, in request
    resp = self.send(prep, **send_kwargs)
  File "C:\Users\alexm\AppData\Local\Programs\Python\Python36\lib\site-packages\requests\sessions.py", line 618, in send
    r = adapter.send(request, **kwargs)
  File "C:\Users\alexm\AppData\Local\Programs\Python\Python36\lib\site-packages\requests\adapters.py", line 440, in send
    timeout=timeout
  File "C:\Users\alexm\AppData\Local\Programs\Python\Python36\lib\site-packages\urllib3\connectionpool.py", line 601, in urlopen
    chunked=chunked)
  File "C:\Users\alexm\AppData\Local\Programs\Python\Python36\lib\site-packages\urllib3\connectionpool.py", line 383, in _make_request
    httplib_response = conn.getresponse()
  File "C:\Users\alexm\AppData\Local\Programs\Python\Python36\lib\http\client.py", line 1331, in getresponse
    response.begin()
  File "C:\Users\alexm\AppData\Local\Programs\Python\Python36\lib\http\client.py", line 297, in begin
    version, status, reason = self._read_status()
  File "C:\Users\alexm\AppData\Local\Programs\Python\Python36\lib\http\client.py", line 258, in _read_status
    line = str(self.fp.readline(_MAXLINE + 1), "iso-8859-1")
  File "C:\Users\alexm\AppData\Local\Programs\Python\Python36\lib\socket.py", line 586, in readinto
    return self._sock.recv_into(b)
  File "C:\Users\alexm\AppData\Local\Programs\Python\Python36\lib\ssl.py", line 1009, in recv_into
    return self.read(nbytes, buffer)
  File "C:\Users\alexm\AppData\Local\Programs\Python\Python36\lib\ssl.py", line 871, in read
    return self._sslobj.read(len, buffer)
  File "C:\Users\alexm\AppData\Local\Programs\Python\Python36\lib\ssl.py", line 631, in read
    v = self._sslobj.read(len, buffer)
KeyboardInterrupt
ERROR:root:Except on follow!
Traceback (most recent call last):
  File "C:\Users\alexm\AppData\Local\Programs\Python\Python36\lib\site-packages\urllib3\connectionpool.py", line 380, in _make_request
    httplib_response = conn.getresponse(buffering=True)
TypeError: getresponse() got an unexpected keyword argument 'buffering'

During handling of the above exception, another exception occurred:

Traceback (most recent call last):
  File "E:\Users\Alexmp\Documents\MEGAsync\Cosas_Uni\Proyectos\BotInsta\instabot.py-master\src\instabot.py", line 609, in follow
    follow = self.s.post(url_follow)
  File "C:\Users\alexm\AppData\Local\Programs\Python\Python36\lib\site-packages\requests\sessions.py", line 555, in post
    return self.request('POST', url, data=data, json=json, **kwargs)
  File "C:\Users\alexm\AppData\Local\Programs\Python\Python36\lib\site-packages\requests\sessions.py", line 508, in request
    resp = self.send(prep, **send_kwargs)
  File "C:\Users\alexm\AppData\Local\Programs\Python\Python36\lib\site-packages\requests\sessions.py", line 618, in send
    r = adapter.send(request, **kwargs)
  File "C:\Users\alexm\AppData\Local\Programs\Python\Python36\lib\site-packages\requests\adapters.py", line 440, in send
    timeout=timeout
  File "C:\Users\alexm\AppData\Local\Programs\Python\Python36\lib\site-packages\urllib3\connectionpool.py", line 601, in urlopen
    chunked=chunked)
  File "C:\Users\alexm\AppData\Local\Programs\Python\Python36\lib\site-packages\urllib3\connectionpool.py", line 383, in _make_request
    httplib_response = conn.getresponse()
  File "C:\Users\alexm\AppData\Local\Programs\Python\Python36\lib\http\client.py", line 1331, in getresponse
    response.begin()
  File "C:\Users\alexm\AppData\Local\Programs\Python\Python36\lib\http\client.py", line 297, in begin
    version, status, reason = self._read_status()
  File "C:\Users\alexm\AppData\Local\Programs\Python\Python36\lib\http\client.py", line 258, in _read_status
    line = str(self.fp.readline(_MAXLINE + 1), "iso-8859-1")
  File "C:\Users\alexm\AppData\Local\Programs\Python\Python36\lib\socket.py", line 586, in readinto
    return self._sock.recv_into(b)
  File "C:\Users\alexm\AppData\Local\Programs\Python\Python36\lib\ssl.py", line 1009, in recv_into
    return self.read(nbytes, buffer)
  File "C:\Users\alexm\AppData\Local\Programs\Python\Python36\lib\ssl.py", line 871, in read
    return self._sslobj.read(len, buffer)
  File "C:\Users\alexm\AppData\Local\Programs\Python\Python36\lib\ssl.py", line 631, in read
    v = self._sslobj.read(len, buffer)
KeyboardInterrupt
ERROR:root:Except on unfollow... Looks like a network error
Traceback (most recent call last):
  File "C:\Users\alexm\AppData\Local\Programs\Python\Python36\lib\site-packages\urllib3\connectionpool.py", line 380, in _make_request
    httplib_response = conn.getresponse(buffering=True)
TypeError: getresponse() got an unexpected keyword argument 'buffering'

During handling of the above exception, another exception occurred:

Traceback (most recent call last):
  File "E:\Users\Alexmp\Documents\MEGAsync\Cosas_Uni\Proyectos\BotInsta\instabot.py-master\src\instabot.py", line 643, in unfollow_on_cleanup
    unfollow = self.s.post(url_unfollow)
  File "C:\Users\alexm\AppData\Local\Programs\Python\Python36\lib\site-packages\requests\sessions.py", line 555, in post
    return self.request('POST', url, data=data, json=json, **kwargs)
  File "C:\Users\alexm\AppData\Local\Programs\Python\Python36\lib\site-packages\requests\sessions.py", line 508, in request
    resp = self.send(prep, **send_kwargs)
  File "C:\Users\alexm\AppData\Local\Programs\Python\Python36\lib\site-packages\requests\sessions.py", line 618, in send
    r = adapter.send(request, **kwargs)
  File "C:\Users\alexm\AppData\Local\Programs\Python\Python36\lib\site-packages\requests\adapters.py", line 440, in send
    timeout=timeout
  File "C:\Users\alexm\AppData\Local\Programs\Python\Python36\lib\site-packages\urllib3\connectionpool.py", line 601, in urlopen
    chunked=chunked)
  File "C:\Users\alexm\AppData\Local\Programs\Python\Python36\lib\site-packages\urllib3\connectionpool.py", line 383, in _make_request
    httplib_response = conn.getresponse()
  File "C:\Users\alexm\AppData\Local\Programs\Python\Python36\lib\http\client.py", line 1331, in getresponse
    response.begin()
  File "C:\Users\alexm\AppData\Local\Programs\Python\Python36\lib\http\client.py", line 297, in begin
    version, status, reason = self._read_status()
  File "C:\Users\alexm\AppData\Local\Programs\Python\Python36\lib\http\client.py", line 258, in _read_status
    line = str(self.fp.readline(_MAXLINE + 1), "iso-8859-1")
  File "C:\Users\alexm\AppData\Local\Programs\Python\Python36\lib\socket.py", line 586, in readinto
    return self._sock.recv_into(b)
  File "C:\Users\alexm\AppData\Local\Programs\Python\Python36\lib\ssl.py", line 1009, in recv_into
    return self.read(nbytes, buffer)
  File "C:\Users\alexm\AppData\Local\Programs\Python\Python36\lib\ssl.py", line 871, in read
    return self._sslobj.read(len, buffer)
  File "C:\Users\alexm\AppData\Local\Programs\Python\Python36\lib\ssl.py", line 631, in read
    v = self._sslobj.read(len, buffer)
KeyboardInterrupt
ERROR:root:Except on follow!
Traceback (most recent call last):
  File "C:\Users\alexm\AppData\Local\Programs\Python\Python36\lib\site-packages\urllib3\connectionpool.py", line 380, in _make_request
    httplib_response = conn.getresponse(buffering=True)
TypeError: getresponse() got an unexpected keyword argument 'buffering'

During handling of the above exception, another exception occurred:

Traceback (most recent call last):
  File "E:\Users\Alexmp\Documents\MEGAsync\Cosas_Uni\Proyectos\BotInsta\instabot.py-master\src\instabot.py", line 609, in follow
    follow = self.s.post(url_follow)
  File "C:\Users\alexm\AppData\Local\Programs\Python\Python36\lib\site-packages\requests\sessions.py", line 555, in post
    return self.request('POST', url, data=data, json=json, **kwargs)
  File "C:\Users\alexm\AppData\Local\Programs\Python\Python36\lib\site-packages\requests\sessions.py", line 508, in request
    resp = self.send(prep, **send_kwargs)
  File "C:\Users\alexm\AppData\Local\Programs\Python\Python36\lib\site-packages\requests\sessions.py", line 618, in send
    r = adapter.send(request, **kwargs)
  File "C:\Users\alexm\AppData\Local\Programs\Python\Python36\lib\site-packages\requests\adapters.py", line 440, in send
    timeout=timeout
  File "C:\Users\alexm\AppData\Local\Programs\Python\Python36\lib\site-packages\urllib3\connectionpool.py", line 601, in urlopen
    chunked=chunked)
  File "C:\Users\alexm\AppData\Local\Programs\Python\Python36\lib\site-packages\urllib3\connectionpool.py", line 383, in _make_request
    httplib_response = conn.getresponse()
  File "C:\Users\alexm\AppData\Local\Programs\Python\Python36\lib\http\client.py", line 1331, in getresponse
    response.begin()
  File "C:\Users\alexm\AppData\Local\Programs\Python\Python36\lib\http\client.py", line 297, in begin
    version, status, reason = self._read_status()
  File "C:\Users\alexm\AppData\Local\Programs\Python\Python36\lib\http\client.py", line 258, in _read_status
    line = str(self.fp.readline(_MAXLINE + 1), "iso-8859-1")
  File "C:\Users\alexm\AppData\Local\Programs\Python\Python36\lib\socket.py", line 586, in readinto
    return self._sock.recv_into(b)
  File "C:\Users\alexm\AppData\Local\Programs\Python\Python36\lib\ssl.py", line 1009, in recv_into
    return self.read(nbytes, buffer)
  File "C:\Users\alexm\AppData\Local\Programs\Python\Python36\lib\ssl.py", line 871, in read
    return self._sslobj.read(len, buffer)
  File "C:\Users\alexm\AppData\Local\Programs\Python\Python36\lib\ssl.py", line 631, in read
    v = self._sslobj.read(len, buffer)
KeyboardInterrupt
ERROR:root:Except on unfollow... Looks like a network error
Traceback (most recent call last):
  File "C:\Users\alexm\AppData\Local\Programs\Python\Python36\lib\site-packages\urllib3\connectionpool.py", line 380, in _make_request
    httplib_response = conn.getresponse(buffering=True)
TypeError: getresponse() got an unexpected keyword argument 'buffering'

During handling of the above exception, another exception occurred:

Traceback (most recent call last):
  File "E:\Users\Alexmp\Documents\MEGAsync\Cosas_Uni\Proyectos\BotInsta\instabot.py-master\src\instabot.py", line 643, in unfollow_on_cleanup
    unfollow = self.s.post(url_unfollow)
  File "C:\Users\alexm\AppData\Local\Programs\Python\Python36\lib\site-packages\requests\sessions.py", line 555, in post
    return self.request('POST', url, data=data, json=json, **kwargs)
  File "C:\Users\alexm\AppData\Local\Programs\Python\Python36\lib\site-packages\requests\sessions.py", line 508, in request
    resp = self.send(prep, **send_kwargs)
  File "C:\Users\alexm\AppData\Local\Programs\Python\Python36\lib\site-packages\requests\sessions.py", line 618, in send
    r = adapter.send(request, **kwargs)
  File "C:\Users\alexm\AppData\Local\Programs\Python\Python36\lib\site-packages\requests\adapters.py", line 440, in send
    timeout=timeout
  File "C:\Users\alexm\AppData\Local\Programs\Python\Python36\lib\site-packages\urllib3\connectionpool.py", line 601, in urlopen
    chunked=chunked)
  File "C:\Users\alexm\AppData\Local\Programs\Python\Python36\lib\site-packages\urllib3\connectionpool.py", line 383, in _make_request
    httplib_response = conn.getresponse()
  File "C:\Users\alexm\AppData\Local\Programs\Python\Python36\lib\http\client.py", line 1331, in getresponse
    response.begin()
  File "C:\Users\alexm\AppData\Local\Programs\Python\Python36\lib\http\client.py", line 297, in begin
    version, status, reason = self._read_status()
  File "C:\Users\alexm\AppData\Local\Programs\Python\Python36\lib\http\client.py", line 258, in _read_status
    line = str(self.fp.readline(_MAXLINE + 1), "iso-8859-1")
  File "C:\Users\alexm\AppData\Local\Programs\Python\Python36\lib\socket.py", line 586, in readinto
    return self._sock.recv_into(b)
  File "C:\Users\alexm\AppData\Local\Programs\Python\Python36\lib\ssl.py", line 1009, in recv_into
    return self.read(nbytes, buffer)
  File "C:\Users\alexm\AppData\Local\Programs\Python\Python36\lib\ssl.py", line 871, in read
    return self._sslobj.read(len, buffer)
  File "C:\Users\alexm\AppData\Local\Programs\Python\Python36\lib\ssl.py", line 631, in read
    v = self._sslobj.read(len, buffer)
KeyboardInterrupt
ERROR:root:Except on unfollow... Looks like a network error
Traceback (most recent call last):
  File "C:\Users\alexm\AppData\Local\Programs\Python\Python36\lib\site-packages\urllib3\connectionpool.py", line 380, in _make_request
    httplib_response = conn.getresponse(buffering=True)
TypeError: getresponse() got an unexpected keyword argument 'buffering'

During handling of the above exception, another exception occurred:

Traceback (most recent call last):
  File "E:\Users\Alexmp\Documents\MEGAsync\Cosas_Uni\Proyectos\BotInsta\instabot.py-master\src\instabot.py", line 643, in unfollow_on_cleanup
    unfollow = self.s.post(url_unfollow)
  File "C:\Users\alexm\AppData\Local\Programs\Python\Python36\lib\site-packages\requests\sessions.py", line 555, in post
    return self.request('POST', url, data=data, json=json, **kwargs)
  File "C:\Users\alexm\AppData\Local\Programs\Python\Python36\lib\site-packages\requests\sessions.py", line 508, in request
    resp = self.send(prep, **send_kwargs)
  File "C:\Users\alexm\AppData\Local\Programs\Python\Python36\lib\site-packages\requests\sessions.py", line 618, in send
    r = adapter.send(request, **kwargs)
  File "C:\Users\alexm\AppData\Local\Programs\Python\Python36\lib\site-packages\requests\adapters.py", line 440, in send
    timeout=timeout
  File "C:\Users\alexm\AppData\Local\Programs\Python\Python36\lib\site-packages\urllib3\connectionpool.py", line 601, in urlopen
    chunked=chunked)
  File "C:\Users\alexm\AppData\Local\Programs\Python\Python36\lib\site-packages\urllib3\connectionpool.py", line 383, in _make_request
    httplib_response = conn.getresponse()
  File "C:\Users\alexm\AppData\Local\Programs\Python\Python36\lib\http\client.py", line 1331, in getresponse
    response.begin()
  File "C:\Users\alexm\AppData\Local\Programs\Python\Python36\lib\http\client.py", line 297, in begin
    version, status, reason = self._read_status()
  File "C:\Users\alexm\AppData\Local\Programs\Python\Python36\lib\http\client.py", line 258, in _read_status
    line = str(self.fp.readline(_MAXLINE + 1), "iso-8859-1")
  File "C:\Users\alexm\AppData\Local\Programs\Python\Python36\lib\socket.py", line 586, in readinto
    return self._sock.recv_into(b)
  File "C:\Users\alexm\AppData\Local\Programs\Python\Python36\lib\ssl.py", line 1009, in recv_into
    return self.read(nbytes, buffer)
  File "C:\Users\alexm\AppData\Local\Programs\Python\Python36\lib\ssl.py", line 871, in read
    return self._sslobj.read(len, buffer)
  File "C:\Users\alexm\AppData\Local\Programs\Python\Python36\lib\ssl.py", line 631, in read
    v = self._sslobj.read(len, buffer)
KeyboardInterrupt
ERROR:root:get_media_id_by_tag
Traceback (most recent call last):
  File "C:\Users\alexm\OneDrive\Documents\MEGAsync\Cosas_Uni\Proyectos\BotInsta\instabot.py-master\src\instabot.py", line 357, in get_media_id_by_tag
    all_data = json.loads(r.text)
  File "C:\Users\alexm\AppData\Local\Programs\Python\Python36-32\lib\json\__init__.py", line 354, in loads
    return _default_decoder.decode(s)
  File "C:\Users\alexm\AppData\Local\Programs\Python\Python36-32\lib\json\decoder.py", line 339, in decode
    obj, end = self.raw_decode(s, idx=_w(s, 0).end())
  File "C:\Users\alexm\AppData\Local\Programs\Python\Python36-32\lib\json\decoder.py", line 357, in raw_decode
    raise JSONDecodeError("Expecting value", s, err.value) from None
json.decoder.JSONDecodeError: Expecting value: line 1 column 1 (char 0)
ERROR:root:get_media_id_by_tag
Traceback (most recent call last):
  File "C:\Users\alexm\OneDrive\Documents\MEGAsync\Cosas_Uni\Proyectos\BotInsta\instabot.py-master\src\instabot.py", line 357, in get_media_id_by_tag
    all_data = json.loads(r.text)
  File "C:\Users\alexm\AppData\Local\Programs\Python\Python36-32\lib\json\__init__.py", line 354, in loads
    return _default_decoder.decode(s)
  File "C:\Users\alexm\AppData\Local\Programs\Python\Python36-32\lib\json\decoder.py", line 339, in decode
    obj, end = self.raw_decode(s, idx=_w(s, 0).end())
  File "C:\Users\alexm\AppData\Local\Programs\Python\Python36-32\lib\json\decoder.py", line 357, in raw_decode
    raise JSONDecodeError("Expecting value", s, err.value) from None
json.decoder.JSONDecodeError: Expecting value: line 1 column 1 (char 0)
ERROR:root:Except on unfollow... Looks like a network error
Traceback (most recent call last):
  File "C:\Users\alexm\AppData\Local\Programs\Python\Python36-32\lib\site-packages\urllib3\connectionpool.py", line 380, in _make_request
    httplib_response = conn.getresponse(buffering=True)
TypeError: getresponse() got an unexpected keyword argument 'buffering'

During handling of the above exception, another exception occurred:

Traceback (most recent call last):
  File "C:\Users\alexm\OneDrive\Documents\MEGAsync\Cosas_Uni\Proyectos\BotInsta\instabot.py-master\src\instabot.py", line 643, in unfollow_on_cleanup
    unfollow = self.s.post(url_unfollow)
  File "C:\Users\alexm\AppData\Local\Programs\Python\Python36-32\lib\site-packages\requests\sessions.py", line 555, in post
    return self.request('POST', url, data=data, json=json, **kwargs)
  File "C:\Users\alexm\AppData\Local\Programs\Python\Python36-32\lib\site-packages\requests\sessions.py", line 508, in request
    resp = self.send(prep, **send_kwargs)
  File "C:\Users\alexm\AppData\Local\Programs\Python\Python36-32\lib\site-packages\requests\sessions.py", line 618, in send
    r = adapter.send(request, **kwargs)
  File "C:\Users\alexm\AppData\Local\Programs\Python\Python36-32\lib\site-packages\requests\adapters.py", line 440, in send
    timeout=timeout
  File "C:\Users\alexm\AppData\Local\Programs\Python\Python36-32\lib\site-packages\urllib3\connectionpool.py", line 601, in urlopen
    chunked=chunked)
  File "C:\Users\alexm\AppData\Local\Programs\Python\Python36-32\lib\site-packages\urllib3\connectionpool.py", line 383, in _make_request
    httplib_response = conn.getresponse()
  File "C:\Users\alexm\AppData\Local\Programs\Python\Python36-32\lib\http\client.py", line 1331, in getresponse
    response.begin()
  File "C:\Users\alexm\AppData\Local\Programs\Python\Python36-32\lib\http\client.py", line 297, in begin
    version, status, reason = self._read_status()
  File "C:\Users\alexm\AppData\Local\Programs\Python\Python36-32\lib\http\client.py", line 258, in _read_status
    line = str(self.fp.readline(_MAXLINE + 1), "iso-8859-1")
  File "C:\Users\alexm\AppData\Local\Programs\Python\Python36-32\lib\socket.py", line 586, in readinto
    return self._sock.recv_into(b)
  File "C:\Users\alexm\AppData\Local\Programs\Python\Python36-32\lib\ssl.py", line 1009, in recv_into
    return self.read(nbytes, buffer)
  File "C:\Users\alexm\AppData\Local\Programs\Python\Python36-32\lib\ssl.py", line 871, in read
    return self._sslobj.read(len, buffer)
  File "C:\Users\alexm\AppData\Local\Programs\Python\Python36-32\lib\ssl.py", line 631, in read
    v = self._sslobj.read(len, buffer)
KeyboardInterrupt
ERROR:root:Except on auto_unfollow!
Traceback (most recent call last):
  File "E:\Users\Alexmp\Documents\MEGAsync\Cosas_Uni\Proyectos\BotInsta\instabot.py-master\src\instabot.py", line 846, in auto_unfollow
    all_data = json.loads(r.text)
  File "C:\Users\alexm\AppData\Local\Programs\Python\Python36\lib\json\__init__.py", line 354, in loads
    return _default_decoder.decode(s)
  File "C:\Users\alexm\AppData\Local\Programs\Python\Python36\lib\json\decoder.py", line 339, in decode
    obj, end = self.raw_decode(s, idx=_w(s, 0).end())
  File "C:\Users\alexm\AppData\Local\Programs\Python\Python36\lib\json\decoder.py", line 357, in raw_decode
    raise JSONDecodeError("Expecting value", s, err.value) from None
json.decoder.JSONDecodeError: Expecting value: line 1 column 1 (char 0)
ERROR:root:Except on get_username_by_user_id
Traceback (most recent call last):
  File "C:\Users\alexm\AppData\Local\Programs\Python\Python36\lib\site-packages\urllib3\connectionpool.py", line 601, in urlopen
    chunked=chunked)
  File "C:\Users\alexm\AppData\Local\Programs\Python\Python36\lib\site-packages\urllib3\connectionpool.py", line 387, in _make_request
    six.raise_from(e, None)
  File "<string>", line 2, in raise_from
  File "C:\Users\alexm\AppData\Local\Programs\Python\Python36\lib\site-packages\urllib3\connectionpool.py", line 383, in _make_request
    httplib_response = conn.getresponse()
  File "C:\Users\alexm\AppData\Local\Programs\Python\Python36\lib\http\client.py", line 1331, in getresponse
    response.begin()
  File "C:\Users\alexm\AppData\Local\Programs\Python\Python36\lib\http\client.py", line 297, in begin
    version, status, reason = self._read_status()
  File "C:\Users\alexm\AppData\Local\Programs\Python\Python36\lib\http\client.py", line 266, in _read_status
    raise RemoteDisconnected("Remote end closed connection without"
http.client.RemoteDisconnected: Remote end closed connection without response

During handling of the above exception, another exception occurred:

Traceback (most recent call last):
  File "C:\Users\alexm\AppData\Local\Programs\Python\Python36\lib\site-packages\requests\adapters.py", line 440, in send
    timeout=timeout
  File "C:\Users\alexm\AppData\Local\Programs\Python\Python36\lib\site-packages\urllib3\connectionpool.py", line 639, in urlopen
    _stacktrace=sys.exc_info()[2])
  File "C:\Users\alexm\AppData\Local\Programs\Python\Python36\lib\site-packages\urllib3\util\retry.py", line 357, in increment
    raise six.reraise(type(error), error, _stacktrace)
  File "C:\Users\alexm\AppData\Local\Programs\Python\Python36\lib\site-packages\urllib3\packages\six.py", line 685, in reraise
    raise value.with_traceback(tb)
  File "C:\Users\alexm\AppData\Local\Programs\Python\Python36\lib\site-packages\urllib3\connectionpool.py", line 601, in urlopen
    chunked=chunked)
  File "C:\Users\alexm\AppData\Local\Programs\Python\Python36\lib\site-packages\urllib3\connectionpool.py", line 387, in _make_request
    six.raise_from(e, None)
  File "<string>", line 2, in raise_from
  File "C:\Users\alexm\AppData\Local\Programs\Python\Python36\lib\site-packages\urllib3\connectionpool.py", line 383, in _make_request
    httplib_response = conn.getresponse()
  File "C:\Users\alexm\AppData\Local\Programs\Python\Python36\lib\http\client.py", line 1331, in getresponse
    response.begin()
  File "C:\Users\alexm\AppData\Local\Programs\Python\Python36\lib\http\client.py", line 297, in begin
    version, status, reason = self._read_status()
  File "C:\Users\alexm\AppData\Local\Programs\Python\Python36\lib\http\client.py", line 266, in _read_status
    raise RemoteDisconnected("Remote end closed connection without"
urllib3.exceptions.ProtocolError: ('Connection aborted.', RemoteDisconnected('Remote end closed connection without response',))

During handling of the above exception, another exception occurred:

Traceback (most recent call last):
  File "E:\Users\Alexmp\Documents\MEGAsync\Cosas_Uni\Proyectos\BotInsta\instabot.py-master\src\instabot.py", line 405, in get_username_by_user_id
    r = self.s.get(url_info, headers="")
  File "C:\Users\alexm\AppData\Local\Programs\Python\Python36\lib\site-packages\requests\sessions.py", line 521, in get
    return self.request('GET', url, **kwargs)
  File "C:\Users\alexm\AppData\Local\Programs\Python\Python36\lib\site-packages\requests\sessions.py", line 508, in request
    resp = self.send(prep, **send_kwargs)
  File "C:\Users\alexm\AppData\Local\Programs\Python\Python36\lib\site-packages\requests\sessions.py", line 618, in send
    r = adapter.send(request, **kwargs)
  File "C:\Users\alexm\AppData\Local\Programs\Python\Python36\lib\site-packages\requests\adapters.py", line 490, in send
    raise ConnectionError(err, request=request)
requests.exceptions.ConnectionError: ('Connection aborted.', RemoteDisconnected('Remote end closed connection without response',))
ERROR:root:Except on follow!
Traceback (most recent call last):
  File "E:\Users\Alexmp\Documents\MEGAsync\Cosas_Uni\Proyectos\BotInsta\instabot.py-master\src\instabot.py", line 616, in follow
    insert_username(self, user_id=user_id, username=username)
  File "E:\Users\Alexmp\Documents\MEGAsync\Cosas_Uni\Proyectos\BotInsta\instabot.py-master\src\sql_updates.py", line 74, in insert_username
    VALUES('"+user_id+"','"+username+"','"+ str(now) +"')")
TypeError: must be str, not bool
ERROR:root:Except on auto_unfollow!
Traceback (most recent call last):
  File "E:\Users\Alexmp\Documents\MEGAsync\Cosas_Uni\Proyectos\BotInsta\instabot.py-master\src\instabot.py", line 846, in auto_unfollow
    all_data = json.loads(r.text)
  File "C:\Users\alexm\AppData\Local\Programs\Python\Python36\lib\json\__init__.py", line 354, in loads
    return _default_decoder.decode(s)
  File "C:\Users\alexm\AppData\Local\Programs\Python\Python36\lib\json\decoder.py", line 339, in decode
    obj, end = self.raw_decode(s, idx=_w(s, 0).end())
  File "C:\Users\alexm\AppData\Local\Programs\Python\Python36\lib\json\decoder.py", line 357, in raw_decode
    raise JSONDecodeError("Expecting value", s, err.value) from None
json.decoder.JSONDecodeError: Expecting value: line 1 column 1 (char 0)
ERROR:root:Except on unfollow... Looks like a network error
Traceback (most recent call last):
  File "C:\Users\alexm\AppData\Local\Programs\Python\Python36\lib\site-packages\urllib3\connectionpool.py", line 380, in _make_request
    httplib_response = conn.getresponse(buffering=True)
TypeError: getresponse() got an unexpected keyword argument 'buffering'

During handling of the above exception, another exception occurred:

Traceback (most recent call last):
  File "E:\Users\Alexmp\Documents\MEGAsync\Cosas_Uni\Proyectos\BotInsta\instabot.py-master\src\instabot.py", line 643, in unfollow_on_cleanup
    unfollow = self.s.post(url_unfollow)
  File "C:\Users\alexm\AppData\Local\Programs\Python\Python36\lib\site-packages\requests\sessions.py", line 555, in post
    return self.request('POST', url, data=data, json=json, **kwargs)
  File "C:\Users\alexm\AppData\Local\Programs\Python\Python36\lib\site-packages\requests\sessions.py", line 508, in request
    resp = self.send(prep, **send_kwargs)
  File "C:\Users\alexm\AppData\Local\Programs\Python\Python36\lib\site-packages\requests\sessions.py", line 618, in send
    r = adapter.send(request, **kwargs)
  File "C:\Users\alexm\AppData\Local\Programs\Python\Python36\lib\site-packages\requests\adapters.py", line 440, in send
    timeout=timeout
  File "C:\Users\alexm\AppData\Local\Programs\Python\Python36\lib\site-packages\urllib3\connectionpool.py", line 601, in urlopen
    chunked=chunked)
  File "C:\Users\alexm\AppData\Local\Programs\Python\Python36\lib\site-packages\urllib3\connectionpool.py", line 383, in _make_request
    httplib_response = conn.getresponse()
  File "C:\Users\alexm\AppData\Local\Programs\Python\Python36\lib\http\client.py", line 1331, in getresponse
    response.begin()
  File "C:\Users\alexm\AppData\Local\Programs\Python\Python36\lib\http\client.py", line 297, in begin
    version, status, reason = self._read_status()
  File "C:\Users\alexm\AppData\Local\Programs\Python\Python36\lib\http\client.py", line 258, in _read_status
    line = str(self.fp.readline(_MAXLINE + 1), "iso-8859-1")
  File "C:\Users\alexm\AppData\Local\Programs\Python\Python36\lib\socket.py", line 586, in readinto
    return self._sock.recv_into(b)
  File "C:\Users\alexm\AppData\Local\Programs\Python\Python36\lib\ssl.py", line 1009, in recv_into
    return self.read(nbytes, buffer)
  File "C:\Users\alexm\AppData\Local\Programs\Python\Python36\lib\ssl.py", line 871, in read
    return self._sslobj.read(len, buffer)
  File "C:\Users\alexm\AppData\Local\Programs\Python\Python36\lib\ssl.py", line 631, in read
    v = self._sslobj.read(len, buffer)
KeyboardInterrupt
ERROR:root:Except on auto_unfollow!
Traceback (most recent call last):
  File "E:\Users\Alexmp\Documents\MEGAsync\Cosas_Uni\Proyectos\BotInsta\instabot.py-master\src\instabot.py", line 846, in auto_unfollow
    all_data = json.loads(r.text)
  File "C:\Users\alexm\AppData\Local\Programs\Python\Python36\lib\json\__init__.py", line 354, in loads
    return _default_decoder.decode(s)
  File "C:\Users\alexm\AppData\Local\Programs\Python\Python36\lib\json\decoder.py", line 339, in decode
    obj, end = self.raw_decode(s, idx=_w(s, 0).end())
  File "C:\Users\alexm\AppData\Local\Programs\Python\Python36\lib\json\decoder.py", line 357, in raw_decode
    raise JSONDecodeError("Expecting value", s, err.value) from None
json.decoder.JSONDecodeError: Expecting value: line 1 column 1 (char 0)
ERROR:root:Except on auto_unfollow!
Traceback (most recent call last):
  File "E:\Users\Alexmp\Documents\MEGAsync\Cosas_Uni\Proyectos\BotInsta\instabot.py-master\src\instabot.py", line 846, in auto_unfollow
    all_data = json.loads(r.text)
  File "C:\Users\alexm\AppData\Local\Programs\Python\Python36\lib\json\__init__.py", line 354, in loads
    return _default_decoder.decode(s)
  File "C:\Users\alexm\AppData\Local\Programs\Python\Python36\lib\json\decoder.py", line 339, in decode
    obj, end = self.raw_decode(s, idx=_w(s, 0).end())
  File "C:\Users\alexm\AppData\Local\Programs\Python\Python36\lib\json\decoder.py", line 357, in raw_decode
    raise JSONDecodeError("Expecting value", s, err.value) from None
json.decoder.JSONDecodeError: Expecting value: line 1 column 1 (char 0)
ERROR:root:Except on unfollow... Looks like a network error
Traceback (most recent call last):
  File "C:\Users\alexm\AppData\Local\Programs\Python\Python36\lib\site-packages\urllib3\connectionpool.py", line 380, in _make_request
    httplib_response = conn.getresponse(buffering=True)
TypeError: getresponse() got an unexpected keyword argument 'buffering'

During handling of the above exception, another exception occurred:

Traceback (most recent call last):
  File "E:\Users\Alexmp\Documents\MEGAsync\Cosas_Uni\Proyectos\BotInsta\instabot.py-master\src\instabot.py", line 643, in unfollow_on_cleanup
    unfollow = self.s.post(url_unfollow)
  File "C:\Users\alexm\AppData\Local\Programs\Python\Python36\lib\site-packages\requests\sessions.py", line 555, in post
    return self.request('POST', url, data=data, json=json, **kwargs)
  File "C:\Users\alexm\AppData\Local\Programs\Python\Python36\lib\site-packages\requests\sessions.py", line 508, in request
    resp = self.send(prep, **send_kwargs)
  File "C:\Users\alexm\AppData\Local\Programs\Python\Python36\lib\site-packages\requests\sessions.py", line 618, in send
    r = adapter.send(request, **kwargs)
  File "C:\Users\alexm\AppData\Local\Programs\Python\Python36\lib\site-packages\requests\adapters.py", line 440, in send
    timeout=timeout
  File "C:\Users\alexm\AppData\Local\Programs\Python\Python36\lib\site-packages\urllib3\connectionpool.py", line 601, in urlopen
    chunked=chunked)
  File "C:\Users\alexm\AppData\Local\Programs\Python\Python36\lib\site-packages\urllib3\connectionpool.py", line 383, in _make_request
    httplib_response = conn.getresponse()
  File "C:\Users\alexm\AppData\Local\Programs\Python\Python36\lib\http\client.py", line 1331, in getresponse
    response.begin()
  File "C:\Users\alexm\AppData\Local\Programs\Python\Python36\lib\http\client.py", line 297, in begin
    version, status, reason = self._read_status()
  File "C:\Users\alexm\AppData\Local\Programs\Python\Python36\lib\http\client.py", line 258, in _read_status
    line = str(self.fp.readline(_MAXLINE + 1), "iso-8859-1")
  File "C:\Users\alexm\AppData\Local\Programs\Python\Python36\lib\socket.py", line 586, in readinto
    return self._sock.recv_into(b)
  File "C:\Users\alexm\AppData\Local\Programs\Python\Python36\lib\ssl.py", line 1009, in recv_into
    return self.read(nbytes, buffer)
  File "C:\Users\alexm\AppData\Local\Programs\Python\Python36\lib\ssl.py", line 871, in read
    return self._sslobj.read(len, buffer)
  File "C:\Users\alexm\AppData\Local\Programs\Python\Python36\lib\ssl.py", line 631, in read
    v = self._sslobj.read(len, buffer)
KeyboardInterrupt
ERROR:root:Except on like!
Traceback (most recent call last):
  File "C:\Users\alexm\AppData\Local\Programs\Python\Python36\lib\site-packages\urllib3\connectionpool.py", line 380, in _make_request
    httplib_response = conn.getresponse(buffering=True)
TypeError: getresponse() got an unexpected keyword argument 'buffering'

During handling of the above exception, another exception occurred:

Traceback (most recent call last):
  File "E:\Users\Alexmp\Documents\MEGAsync\Cosas_Uni\Proyectos\BotInsta\instabot.py-master\src\instabot.py", line 569, in like
    like = self.s.post(url_likes)
  File "C:\Users\alexm\AppData\Local\Programs\Python\Python36\lib\site-packages\requests\sessions.py", line 555, in post
    return self.request('POST', url, data=data, json=json, **kwargs)
  File "C:\Users\alexm\AppData\Local\Programs\Python\Python36\lib\site-packages\requests\sessions.py", line 508, in request
    resp = self.send(prep, **send_kwargs)
  File "C:\Users\alexm\AppData\Local\Programs\Python\Python36\lib\site-packages\requests\sessions.py", line 618, in send
    r = adapter.send(request, **kwargs)
  File "C:\Users\alexm\AppData\Local\Programs\Python\Python36\lib\site-packages\requests\adapters.py", line 440, in send
    timeout=timeout
  File "C:\Users\alexm\AppData\Local\Programs\Python\Python36\lib\site-packages\urllib3\connectionpool.py", line 601, in urlopen
    chunked=chunked)
  File "C:\Users\alexm\AppData\Local\Programs\Python\Python36\lib\site-packages\urllib3\connectionpool.py", line 383, in _make_request
    httplib_response = conn.getresponse()
  File "C:\Users\alexm\AppData\Local\Programs\Python\Python36\lib\http\client.py", line 1331, in getresponse
    response.begin()
  File "C:\Users\alexm\AppData\Local\Programs\Python\Python36\lib\http\client.py", line 297, in begin
    version, status, reason = self._read_status()
  File "C:\Users\alexm\AppData\Local\Programs\Python\Python36\lib\http\client.py", line 258, in _read_status
    line = str(self.fp.readline(_MAXLINE + 1), "iso-8859-1")
  File "C:\Users\alexm\AppData\Local\Programs\Python\Python36\lib\socket.py", line 586, in readinto
    return self._sock.recv_into(b)
  File "C:\Users\alexm\AppData\Local\Programs\Python\Python36\lib\ssl.py", line 1009, in recv_into
    return self.read(nbytes, buffer)
  File "C:\Users\alexm\AppData\Local\Programs\Python\Python36\lib\ssl.py", line 871, in read
    return self._sslobj.read(len, buffer)
  File "C:\Users\alexm\AppData\Local\Programs\Python\Python36\lib\ssl.py", line 631, in read
    v = self._sslobj.read(len, buffer)
KeyboardInterrupt
ERROR:root:Except on auto_unfollow!
Traceback (most recent call last):
  File "E:\Users\Alexmp\Documents\MEGAsync\Cosas_Uni\Proyectos\BotInsta\instabot.py-master\src\instabot.py", line 847, in auto_unfollow
    all_data = json.loads(r.text)
  File "C:\Users\alexm\AppData\Local\Programs\Python\Python36\lib\json\__init__.py", line 354, in loads
    return _default_decoder.decode(s)
  File "C:\Users\alexm\AppData\Local\Programs\Python\Python36\lib\json\decoder.py", line 339, in decode
    obj, end = self.raw_decode(s, idx=_w(s, 0).end())
  File "C:\Users\alexm\AppData\Local\Programs\Python\Python36\lib\json\decoder.py", line 357, in raw_decode
    raise JSONDecodeError("Expecting value", s, err.value) from None
json.decoder.JSONDecodeError: Expecting value: line 1 column 1 (char 0)
ERROR:root:Except on auto_unfollow!
Traceback (most recent call last):
  File "E:\Users\Alexmp\Documents\MEGAsync\Cosas_Uni\Proyectos\BotInsta\instabot.py-master\src\instabot.py", line 847, in auto_unfollow
    all_data = json.loads(r.text)
  File "C:\Users\alexm\AppData\Local\Programs\Python\Python36\lib\json\__init__.py", line 354, in loads
    return _default_decoder.decode(s)
  File "C:\Users\alexm\AppData\Local\Programs\Python\Python36\lib\json\decoder.py", line 339, in decode
    obj, end = self.raw_decode(s, idx=_w(s, 0).end())
  File "C:\Users\alexm\AppData\Local\Programs\Python\Python36\lib\json\decoder.py", line 357, in raw_decode
    raise JSONDecodeError("Expecting value", s, err.value) from None
json.decoder.JSONDecodeError: Expecting value: line 1 column 1 (char 0)
ERROR:root:Except on auto_unfollow!
Traceback (most recent call last):
  File "E:\Users\Alexmp\Documents\MEGAsync\Cosas_Uni\Proyectos\BotInsta\instabot.py-master\src\instabot.py", line 847, in auto_unfollow
    all_data = json.loads(r.text)
  File "C:\Users\alexm\AppData\Local\Programs\Python\Python36\lib\json\__init__.py", line 354, in loads
    return _default_decoder.decode(s)
  File "C:\Users\alexm\AppData\Local\Programs\Python\Python36\lib\json\decoder.py", line 339, in decode
    obj, end = self.raw_decode(s, idx=_w(s, 0).end())
  File "C:\Users\alexm\AppData\Local\Programs\Python\Python36\lib\json\decoder.py", line 357, in raw_decode
    raise JSONDecodeError("Expecting value", s, err.value) from None
json.decoder.JSONDecodeError: Expecting value: line 1 column 1 (char 0)
ERROR:root:Except on auto_unfollow!
Traceback (most recent call last):
  File "E:\Users\Alexmp\Documents\MEGAsync\Cosas_Uni\Proyectos\BotInsta\instabot.py-master\src\instabot.py", line 847, in auto_unfollow
    all_data = json.loads(r.text)
  File "C:\Users\alexm\AppData\Local\Programs\Python\Python36\lib\json\__init__.py", line 354, in loads
    return _default_decoder.decode(s)
  File "C:\Users\alexm\AppData\Local\Programs\Python\Python36\lib\json\decoder.py", line 339, in decode
    obj, end = self.raw_decode(s, idx=_w(s, 0).end())
  File "C:\Users\alexm\AppData\Local\Programs\Python\Python36\lib\json\decoder.py", line 357, in raw_decode
    raise JSONDecodeError("Expecting value", s, err.value) from None
json.decoder.JSONDecodeError: Expecting value: line 1 column 1 (char 0)
ERROR:root:Except on auto_unfollow!
Traceback (most recent call last):
  File "E:\Users\Alexmp\Documents\MEGAsync\Cosas_Uni\Proyectos\BotInsta\instabot.py-master\src\instabot.py", line 847, in auto_unfollow
    all_data = json.loads(r.text)
  File "C:\Users\alexm\AppData\Local\Programs\Python\Python36\lib\json\__init__.py", line 354, in loads
    return _default_decoder.decode(s)
  File "C:\Users\alexm\AppData\Local\Programs\Python\Python36\lib\json\decoder.py", line 339, in decode
    obj, end = self.raw_decode(s, idx=_w(s, 0).end())
  File "C:\Users\alexm\AppData\Local\Programs\Python\Python36\lib\json\decoder.py", line 357, in raw_decode
    raise JSONDecodeError("Expecting value", s, err.value) from None
json.decoder.JSONDecodeError: Expecting value: line 1 column 1 (char 0)
ERROR:root:Except on auto_unfollow!
Traceback (most recent call last):
  File "E:\Users\Alexmp\Documents\MEGAsync\Cosas_Uni\Proyectos\BotInsta\instabot.py-master\src\instabot.py", line 847, in auto_unfollow
    all_data = json.loads(r.text)
  File "C:\Users\alexm\AppData\Local\Programs\Python\Python36\lib\json\__init__.py", line 354, in loads
    return _default_decoder.decode(s)
  File "C:\Users\alexm\AppData\Local\Programs\Python\Python36\lib\json\decoder.py", line 339, in decode
    obj, end = self.raw_decode(s, idx=_w(s, 0).end())
  File "C:\Users\alexm\AppData\Local\Programs\Python\Python36\lib\json\decoder.py", line 357, in raw_decode
    raise JSONDecodeError("Expecting value", s, err.value) from None
json.decoder.JSONDecodeError: Expecting value: line 1 column 1 (char 0)
ERROR:root:Except on auto_unfollow!
Traceback (most recent call last):
  File "E:\Users\Alexmp\Documents\MEGAsync\Cosas_Uni\Proyectos\BotInsta\instabot.py-master\src\instabot.py", line 847, in auto_unfollow
    all_data = json.loads(r.text)
  File "C:\Users\alexm\AppData\Local\Programs\Python\Python36\lib\json\__init__.py", line 354, in loads
    return _default_decoder.decode(s)
  File "C:\Users\alexm\AppData\Local\Programs\Python\Python36\lib\json\decoder.py", line 339, in decode
    obj, end = self.raw_decode(s, idx=_w(s, 0).end())
  File "C:\Users\alexm\AppData\Local\Programs\Python\Python36\lib\json\decoder.py", line 357, in raw_decode
    raise JSONDecodeError("Expecting value", s, err.value) from None
json.decoder.JSONDecodeError: Expecting value: line 1 column 1 (char 0)
ERROR:root:Except on auto_unfollow!
Traceback (most recent call last):
  File "E:\Users\Alexmp\Documents\MEGAsync\Cosas_Uni\Proyectos\BotInsta\instabot.py-master\src\instabot.py", line 847, in auto_unfollow
    all_data = json.loads(r.text)
  File "C:\Users\alexm\AppData\Local\Programs\Python\Python36\lib\json\__init__.py", line 354, in loads
    return _default_decoder.decode(s)
  File "C:\Users\alexm\AppData\Local\Programs\Python\Python36\lib\json\decoder.py", line 339, in decode
    obj, end = self.raw_decode(s, idx=_w(s, 0).end())
  File "C:\Users\alexm\AppData\Local\Programs\Python\Python36\lib\json\decoder.py", line 357, in raw_decode
    raise JSONDecodeError("Expecting value", s, err.value) from None
json.decoder.JSONDecodeError: Expecting value: line 1 column 1 (char 0)
ERROR:root:Except on auto_unfollow!
Traceback (most recent call last):
  File "E:\Users\Alexmp\Documents\MEGAsync\Cosas_Uni\Proyectos\BotInsta\instabot.py-master\src\instabot.py", line 847, in auto_unfollow
    all_data = json.loads(r.text)
  File "C:\Users\alexm\AppData\Local\Programs\Python\Python36\lib\json\__init__.py", line 354, in loads
    return _default_decoder.decode(s)
  File "C:\Users\alexm\AppData\Local\Programs\Python\Python36\lib\json\decoder.py", line 339, in decode
    obj, end = self.raw_decode(s, idx=_w(s, 0).end())
  File "C:\Users\alexm\AppData\Local\Programs\Python\Python36\lib\json\decoder.py", line 357, in raw_decode
    raise JSONDecodeError("Expecting value", s, err.value) from None
json.decoder.JSONDecodeError: Expecting value: line 1 column 1 (char 0)
ERROR:root:Except on auto_unfollow!
Traceback (most recent call last):
  File "E:\Users\Alexmp\Documents\MEGAsync\Cosas_Uni\Proyectos\BotInsta\instabot.py-master\src\instabot.py", line 847, in auto_unfollow
    all_data = json.loads(r.text)
  File "C:\Users\alexm\AppData\Local\Programs\Python\Python36\lib\json\__init__.py", line 354, in loads
    return _default_decoder.decode(s)
  File "C:\Users\alexm\AppData\Local\Programs\Python\Python36\lib\json\decoder.py", line 339, in decode
    obj, end = self.raw_decode(s, idx=_w(s, 0).end())
  File "C:\Users\alexm\AppData\Local\Programs\Python\Python36\lib\json\decoder.py", line 357, in raw_decode
    raise JSONDecodeError("Expecting value", s, err.value) from None
json.decoder.JSONDecodeError: Expecting value: line 1 column 1 (char 0)
ERROR:root:Except on auto_unfollow!
Traceback (most recent call last):
  File "E:\Users\Alexmp\Documents\MEGAsync\Cosas_Uni\Proyectos\BotInsta\instabot.py-master\src\instabot.py", line 847, in auto_unfollow
    all_data = json.loads(r.text)
  File "C:\Users\alexm\AppData\Local\Programs\Python\Python36\lib\json\__init__.py", line 354, in loads
    return _default_decoder.decode(s)
  File "C:\Users\alexm\AppData\Local\Programs\Python\Python36\lib\json\decoder.py", line 339, in decode
    obj, end = self.raw_decode(s, idx=_w(s, 0).end())
  File "C:\Users\alexm\AppData\Local\Programs\Python\Python36\lib\json\decoder.py", line 357, in raw_decode
    raise JSONDecodeError("Expecting value", s, err.value) from None
json.decoder.JSONDecodeError: Expecting value: line 1 column 1 (char 0)
ERROR:root:Except on auto_unfollow!
Traceback (most recent call last):
  File "E:\Users\Alexmp\Documents\MEGAsync\Cosas_Uni\Proyectos\BotInsta\instabot.py-master\src\instabot.py", line 847, in auto_unfollow
    all_data = json.loads(r.text)
  File "C:\Users\alexm\AppData\Local\Programs\Python\Python36\lib\json\__init__.py", line 354, in loads
    return _default_decoder.decode(s)
  File "C:\Users\alexm\AppData\Local\Programs\Python\Python36\lib\json\decoder.py", line 339, in decode
    obj, end = self.raw_decode(s, idx=_w(s, 0).end())
  File "C:\Users\alexm\AppData\Local\Programs\Python\Python36\lib\json\decoder.py", line 357, in raw_decode
    raise JSONDecodeError("Expecting value", s, err.value) from None
json.decoder.JSONDecodeError: Expecting value: line 1 column 1 (char 0)
ERROR:root:Except on auto_unfollow!
Traceback (most recent call last):
  File "E:\Users\Alexmp\Documents\MEGAsync\Cosas_Uni\Proyectos\BotInsta\instabot.py-master\src\instabot.py", line 847, in auto_unfollow
    all_data = json.loads(r.text)
  File "C:\Users\alexm\AppData\Local\Programs\Python\Python36\lib\json\__init__.py", line 354, in loads
    return _default_decoder.decode(s)
  File "C:\Users\alexm\AppData\Local\Programs\Python\Python36\lib\json\decoder.py", line 339, in decode
    obj, end = self.raw_decode(s, idx=_w(s, 0).end())
  File "C:\Users\alexm\AppData\Local\Programs\Python\Python36\lib\json\decoder.py", line 357, in raw_decode
    raise JSONDecodeError("Expecting value", s, err.value) from None
json.decoder.JSONDecodeError: Expecting value: line 1 column 1 (char 0)
ERROR:root:Except on auto_unfollow!
Traceback (most recent call last):
  File "E:\Users\Alexmp\Documents\MEGAsync\Cosas_Uni\Proyectos\BotInsta\instabot.py-master\src\instabot.py", line 847, in auto_unfollow
    all_data = json.loads(r.text)
  File "C:\Users\alexm\AppData\Local\Programs\Python\Python36\lib\json\__init__.py", line 354, in loads
    return _default_decoder.decode(s)
  File "C:\Users\alexm\AppData\Local\Programs\Python\Python36\lib\json\decoder.py", line 339, in decode
    obj, end = self.raw_decode(s, idx=_w(s, 0).end())
  File "C:\Users\alexm\AppData\Local\Programs\Python\Python36\lib\json\decoder.py", line 357, in raw_decode
    raise JSONDecodeError("Expecting value", s, err.value) from None
json.decoder.JSONDecodeError: Expecting value: line 1 column 1 (char 0)
ERROR:root:Except on like!
Traceback (most recent call last):
  File "C:\Users\alexm\AppData\Local\Programs\Python\Python36\lib\site-packages\urllib3\connectionpool.py", line 601, in urlopen
    chunked=chunked)
  File "C:\Users\alexm\AppData\Local\Programs\Python\Python36\lib\site-packages\urllib3\connectionpool.py", line 387, in _make_request
    six.raise_from(e, None)
  File "<string>", line 2, in raise_from
  File "C:\Users\alexm\AppData\Local\Programs\Python\Python36\lib\site-packages\urllib3\connectionpool.py", line 383, in _make_request
    httplib_response = conn.getresponse()
  File "C:\Users\alexm\AppData\Local\Programs\Python\Python36\lib\http\client.py", line 1331, in getresponse
    response.begin()
  File "C:\Users\alexm\AppData\Local\Programs\Python\Python36\lib\http\client.py", line 297, in begin
    version, status, reason = self._read_status()
  File "C:\Users\alexm\AppData\Local\Programs\Python\Python36\lib\http\client.py", line 258, in _read_status
    line = str(self.fp.readline(_MAXLINE + 1), "iso-8859-1")
  File "C:\Users\alexm\AppData\Local\Programs\Python\Python36\lib\socket.py", line 586, in readinto
    return self._sock.recv_into(b)
  File "C:\Users\alexm\AppData\Local\Programs\Python\Python36\lib\ssl.py", line 1009, in recv_into
    return self.read(nbytes, buffer)
  File "C:\Users\alexm\AppData\Local\Programs\Python\Python36\lib\ssl.py", line 871, in read
    return self._sslobj.read(len, buffer)
  File "C:\Users\alexm\AppData\Local\Programs\Python\Python36\lib\ssl.py", line 631, in read
    v = self._sslobj.read(len, buffer)
ConnectionResetError: [WinError 10054] Se ha forzado la interrupcin de una conexin existente por el host remoto

During handling of the above exception, another exception occurred:

Traceback (most recent call last):
  File "C:\Users\alexm\AppData\Local\Programs\Python\Python36\lib\site-packages\requests\adapters.py", line 440, in send
    timeout=timeout
  File "C:\Users\alexm\AppData\Local\Programs\Python\Python36\lib\site-packages\urllib3\connectionpool.py", line 639, in urlopen
    _stacktrace=sys.exc_info()[2])
  File "C:\Users\alexm\AppData\Local\Programs\Python\Python36\lib\site-packages\urllib3\util\retry.py", line 357, in increment
    raise six.reraise(type(error), error, _stacktrace)
  File "C:\Users\alexm\AppData\Local\Programs\Python\Python36\lib\site-packages\urllib3\packages\six.py", line 685, in reraise
    raise value.with_traceback(tb)
  File "C:\Users\alexm\AppData\Local\Programs\Python\Python36\lib\site-packages\urllib3\connectionpool.py", line 601, in urlopen
    chunked=chunked)
  File "C:\Users\alexm\AppData\Local\Programs\Python\Python36\lib\site-packages\urllib3\connectionpool.py", line 387, in _make_request
    six.raise_from(e, None)
  File "<string>", line 2, in raise_from
  File "C:\Users\alexm\AppData\Local\Programs\Python\Python36\lib\site-packages\urllib3\connectionpool.py", line 383, in _make_request
    httplib_response = conn.getresponse()
  File "C:\Users\alexm\AppData\Local\Programs\Python\Python36\lib\http\client.py", line 1331, in getresponse
    response.begin()
  File "C:\Users\alexm\AppData\Local\Programs\Python\Python36\lib\http\client.py", line 297, in begin
    version, status, reason = self._read_status()
  File "C:\Users\alexm\AppData\Local\Programs\Python\Python36\lib\http\client.py", line 258, in _read_status
    line = str(self.fp.readline(_MAXLINE + 1), "iso-8859-1")
  File "C:\Users\alexm\AppData\Local\Programs\Python\Python36\lib\socket.py", line 586, in readinto
    return self._sock.recv_into(b)
  File "C:\Users\alexm\AppData\Local\Programs\Python\Python36\lib\ssl.py", line 1009, in recv_into
    return self.read(nbytes, buffer)
  File "C:\Users\alexm\AppData\Local\Programs\Python\Python36\lib\ssl.py", line 871, in read
    return self._sslobj.read(len, buffer)
  File "C:\Users\alexm\AppData\Local\Programs\Python\Python36\lib\ssl.py", line 631, in read
    v = self._sslobj.read(len, buffer)
urllib3.exceptions.ProtocolError: ('Connection aborted.', ConnectionResetError(10054, 'Se ha forzado la interrupcin de una conexin existente por el host remoto', None, 10054, None))

During handling of the above exception, another exception occurred:

Traceback (most recent call last):
  File "E:\Users\Alexmp\Documents\MEGAsync\Cosas_Uni\Proyectos\BotInsta\instabot.py-master\src\instabot.py", line 569, in like
    like = self.s.post(url_likes)
  File "C:\Users\alexm\AppData\Local\Programs\Python\Python36\lib\site-packages\requests\sessions.py", line 555, in post
    return self.request('POST', url, data=data, json=json, **kwargs)
  File "C:\Users\alexm\AppData\Local\Programs\Python\Python36\lib\site-packages\requests\sessions.py", line 508, in request
    resp = self.send(prep, **send_kwargs)
  File "C:\Users\alexm\AppData\Local\Programs\Python\Python36\lib\site-packages\requests\sessions.py", line 618, in send
    r = adapter.send(request, **kwargs)
  File "C:\Users\alexm\AppData\Local\Programs\Python\Python36\lib\site-packages\requests\adapters.py", line 490, in send
    raise ConnectionError(err, request=request)
requests.exceptions.ConnectionError: ('Connection aborted.', ConnectionResetError(10054, 'Se ha forzado la interrupcin de una conexin existente por el host remoto', None, 10054, None))
ERROR:root:Except on get_username_by_user_id
Traceback (most recent call last):
  File "C:\Users\alexm\AppData\Local\Programs\Python\Python36\lib\site-packages\urllib3\connectionpool.py", line 601, in urlopen
    chunked=chunked)
  File "C:\Users\alexm\AppData\Local\Programs\Python\Python36\lib\site-packages\urllib3\connectionpool.py", line 387, in _make_request
    six.raise_from(e, None)
  File "<string>", line 2, in raise_from
  File "C:\Users\alexm\AppData\Local\Programs\Python\Python36\lib\site-packages\urllib3\connectionpool.py", line 383, in _make_request
    httplib_response = conn.getresponse()
  File "C:\Users\alexm\AppData\Local\Programs\Python\Python36\lib\http\client.py", line 1331, in getresponse
    response.begin()
  File "C:\Users\alexm\AppData\Local\Programs\Python\Python36\lib\http\client.py", line 297, in begin
    version, status, reason = self._read_status()
  File "C:\Users\alexm\AppData\Local\Programs\Python\Python36\lib\http\client.py", line 258, in _read_status
    line = str(self.fp.readline(_MAXLINE + 1), "iso-8859-1")
  File "C:\Users\alexm\AppData\Local\Programs\Python\Python36\lib\socket.py", line 586, in readinto
    return self._sock.recv_into(b)
  File "C:\Users\alexm\AppData\Local\Programs\Python\Python36\lib\ssl.py", line 1009, in recv_into
    return self.read(nbytes, buffer)
  File "C:\Users\alexm\AppData\Local\Programs\Python\Python36\lib\ssl.py", line 871, in read
    return self._sslobj.read(len, buffer)
  File "C:\Users\alexm\AppData\Local\Programs\Python\Python36\lib\ssl.py", line 631, in read
    v = self._sslobj.read(len, buffer)
ConnectionResetError: [WinError 10054] Se ha forzado la interrupcin de una conexin existente por el host remoto

During handling of the above exception, another exception occurred:

Traceback (most recent call last):
  File "C:\Users\alexm\AppData\Local\Programs\Python\Python36\lib\site-packages\requests\adapters.py", line 440, in send
    timeout=timeout
  File "C:\Users\alexm\AppData\Local\Programs\Python\Python36\lib\site-packages\urllib3\connectionpool.py", line 639, in urlopen
    _stacktrace=sys.exc_info()[2])
  File "C:\Users\alexm\AppData\Local\Programs\Python\Python36\lib\site-packages\urllib3\util\retry.py", line 357, in increment
    raise six.reraise(type(error), error, _stacktrace)
  File "C:\Users\alexm\AppData\Local\Programs\Python\Python36\lib\site-packages\urllib3\packages\six.py", line 685, in reraise
    raise value.with_traceback(tb)
  File "C:\Users\alexm\AppData\Local\Programs\Python\Python36\lib\site-packages\urllib3\connectionpool.py", line 601, in urlopen
    chunked=chunked)
  File "C:\Users\alexm\AppData\Local\Programs\Python\Python36\lib\site-packages\urllib3\connectionpool.py", line 387, in _make_request
    six.raise_from(e, None)
  File "<string>", line 2, in raise_from
  File "C:\Users\alexm\AppData\Local\Programs\Python\Python36\lib\site-packages\urllib3\connectionpool.py", line 383, in _make_request
    httplib_response = conn.getresponse()
  File "C:\Users\alexm\AppData\Local\Programs\Python\Python36\lib\http\client.py", line 1331, in getresponse
    response.begin()
  File "C:\Users\alexm\AppData\Local\Programs\Python\Python36\lib\http\client.py", line 297, in begin
    version, status, reason = self._read_status()
  File "C:\Users\alexm\AppData\Local\Programs\Python\Python36\lib\http\client.py", line 258, in _read_status
    line = str(self.fp.readline(_MAXLINE + 1), "iso-8859-1")
  File "C:\Users\alexm\AppData\Local\Programs\Python\Python36\lib\socket.py", line 586, in readinto
    return self._sock.recv_into(b)
  File "C:\Users\alexm\AppData\Local\Programs\Python\Python36\lib\ssl.py", line 1009, in recv_into
    return self.read(nbytes, buffer)
  File "C:\Users\alexm\AppData\Local\Programs\Python\Python36\lib\ssl.py", line 871, in read
    return self._sslobj.read(len, buffer)
  File "C:\Users\alexm\AppData\Local\Programs\Python\Python36\lib\ssl.py", line 631, in read
    v = self._sslobj.read(len, buffer)
urllib3.exceptions.ProtocolError: ('Connection aborted.', ConnectionResetError(10054, 'Se ha forzado la interrupcin de una conexin existente por el host remoto', None, 10054, None))

During handling of the above exception, another exception occurred:

Traceback (most recent call last):
  File "E:\Users\Alexmp\Documents\MEGAsync\Cosas_Uni\Proyectos\BotInsta\instabot.py-master\src\instabot.py", line 405, in get_username_by_user_id
    r = self.s.get(url_info, headers="")
  File "C:\Users\alexm\AppData\Local\Programs\Python\Python36\lib\site-packages\requests\sessions.py", line 521, in get
    return self.request('GET', url, **kwargs)
  File "C:\Users\alexm\AppData\Local\Programs\Python\Python36\lib\site-packages\requests\sessions.py", line 508, in request
    resp = self.send(prep, **send_kwargs)
  File "C:\Users\alexm\AppData\Local\Programs\Python\Python36\lib\site-packages\requests\sessions.py", line 618, in send
    r = adapter.send(request, **kwargs)
  File "C:\Users\alexm\AppData\Local\Programs\Python\Python36\lib\site-packages\requests\adapters.py", line 490, in send
    raise ConnectionError(err, request=request)
requests.exceptions.ConnectionError: ('Connection aborted.', ConnectionResetError(10054, 'Se ha forzado la interrupcin de una conexin existente por el host remoto', None, 10054, None))
ERROR:root:Except on follow!
Traceback (most recent call last):
  File "E:\Users\Alexmp\Documents\MEGAsync\Cosas_Uni\Proyectos\BotInsta\instabot.py-master\src\instabot.py", line 616, in follow
    insert_username(self, user_id=user_id, username=username)
  File "E:\Users\Alexmp\Documents\MEGAsync\Cosas_Uni\Proyectos\BotInsta\instabot.py-master\src\sql_updates.py", line 74, in insert_username
    VALUES('"+user_id+"','"+username+"','"+ str(now) +"')")
TypeError: must be str, not bool
ERROR:root:Except on auto_unfollow!
Traceback (most recent call last):
  File "E:\Users\Alexmp\Documents\MEGAsync\Cosas_Uni\Proyectos\BotInsta\instabot.py-master\src\instabot.py", line 847, in auto_unfollow
    all_data = json.loads(r.text)
  File "C:\Users\alexm\AppData\Local\Programs\Python\Python36\lib\json\__init__.py", line 354, in loads
    return _default_decoder.decode(s)
  File "C:\Users\alexm\AppData\Local\Programs\Python\Python36\lib\json\decoder.py", line 339, in decode
    obj, end = self.raw_decode(s, idx=_w(s, 0).end())
  File "C:\Users\alexm\AppData\Local\Programs\Python\Python36\lib\json\decoder.py", line 357, in raw_decode
    raise JSONDecodeError("Expecting value", s, err.value) from None
json.decoder.JSONDecodeError: Expecting value: line 1 column 1 (char 0)
ERROR:root:Except on auto_unfollow!
Traceback (most recent call last):
  File "E:\Users\Alexmp\Documents\MEGAsync\Cosas_Uni\Proyectos\BotInsta\instabot.py-master\src\instabot.py", line 847, in auto_unfollow
    all_data = json.loads(r.text)
  File "C:\Users\alexm\AppData\Local\Programs\Python\Python36\lib\json\__init__.py", line 354, in loads
    return _default_decoder.decode(s)
  File "C:\Users\alexm\AppData\Local\Programs\Python\Python36\lib\json\decoder.py", line 339, in decode
    obj, end = self.raw_decode(s, idx=_w(s, 0).end())
  File "C:\Users\alexm\AppData\Local\Programs\Python\Python36\lib\json\decoder.py", line 357, in raw_decode
    raise JSONDecodeError("Expecting value", s, err.value) from None
json.decoder.JSONDecodeError: Expecting value: line 1 column 1 (char 0)
ERROR:root:Except on auto_unfollow!
Traceback (most recent call last):
  File "E:\Users\Alexmp\Documents\MEGAsync\Cosas_Uni\Proyectos\BotInsta\instabot.py-master\src\instabot.py", line 847, in auto_unfollow
    all_data = json.loads(r.text)
  File "C:\Users\alexm\AppData\Local\Programs\Python\Python36\lib\json\__init__.py", line 354, in loads
    return _default_decoder.decode(s)
  File "C:\Users\alexm\AppData\Local\Programs\Python\Python36\lib\json\decoder.py", line 339, in decode
    obj, end = self.raw_decode(s, idx=_w(s, 0).end())
  File "C:\Users\alexm\AppData\Local\Programs\Python\Python36\lib\json\decoder.py", line 357, in raw_decode
    raise JSONDecodeError("Expecting value", s, err.value) from None
json.decoder.JSONDecodeError: Expecting value: line 1 column 1 (char 0)
ERROR:root:Except on auto_unfollow!
Traceback (most recent call last):
  File "E:\Users\Alexmp\Documents\MEGAsync\Cosas_Uni\Proyectos\BotInsta\instabot.py-master\src\instabot.py", line 847, in auto_unfollow
    all_data = json.loads(r.text)
  File "C:\Users\alexm\AppData\Local\Programs\Python\Python36\lib\json\__init__.py", line 354, in loads
    return _default_decoder.decode(s)
  File "C:\Users\alexm\AppData\Local\Programs\Python\Python36\lib\json\decoder.py", line 339, in decode
    obj, end = self.raw_decode(s, idx=_w(s, 0).end())
  File "C:\Users\alexm\AppData\Local\Programs\Python\Python36\lib\json\decoder.py", line 357, in raw_decode
    raise JSONDecodeError("Expecting value", s, err.value) from None
json.decoder.JSONDecodeError: Expecting value: line 1 column 1 (char 0)
ERROR:root:Except on auto_unfollow!
Traceback (most recent call last):
  File "E:\Users\Alexmp\Documents\MEGAsync\Cosas_Uni\Proyectos\BotInsta\instabot.py-master\src\instabot.py", line 847, in auto_unfollow
    all_data = json.loads(r.text)
  File "C:\Users\alexm\AppData\Local\Programs\Python\Python36\lib\json\__init__.py", line 354, in loads
    return _default_decoder.decode(s)
  File "C:\Users\alexm\AppData\Local\Programs\Python\Python36\lib\json\decoder.py", line 339, in decode
    obj, end = self.raw_decode(s, idx=_w(s, 0).end())
  File "C:\Users\alexm\AppData\Local\Programs\Python\Python36\lib\json\decoder.py", line 357, in raw_decode
    raise JSONDecodeError("Expecting value", s, err.value) from None
json.decoder.JSONDecodeError: Expecting value: line 1 column 1 (char 0)
ERROR:root:Except on auto_unfollow!
Traceback (most recent call last):
  File "E:\Users\Alexmp\Documents\MEGAsync\Cosas_Uni\Proyectos\BotInsta\instabot.py-master\src\instabot.py", line 847, in auto_unfollow
    all_data = json.loads(r.text)
  File "C:\Users\alexm\AppData\Local\Programs\Python\Python36\lib\json\__init__.py", line 354, in loads
    return _default_decoder.decode(s)
  File "C:\Users\alexm\AppData\Local\Programs\Python\Python36\lib\json\decoder.py", line 339, in decode
    obj, end = self.raw_decode(s, idx=_w(s, 0).end())
  File "C:\Users\alexm\AppData\Local\Programs\Python\Python36\lib\json\decoder.py", line 357, in raw_decode
    raise JSONDecodeError("Expecting value", s, err.value) from None
json.decoder.JSONDecodeError: Expecting value: line 1 column 1 (char 0)
ERROR:root:Except on auto_unfollow!
Traceback (most recent call last):
  File "E:\Users\Alexmp\Documents\MEGAsync\Cosas_Uni\Proyectos\BotInsta\instabot.py-master\src\instabot.py", line 847, in auto_unfollow
    all_data = json.loads(r.text)
  File "C:\Users\alexm\AppData\Local\Programs\Python\Python36\lib\json\__init__.py", line 354, in loads
    return _default_decoder.decode(s)
  File "C:\Users\alexm\AppData\Local\Programs\Python\Python36\lib\json\decoder.py", line 339, in decode
    obj, end = self.raw_decode(s, idx=_w(s, 0).end())
  File "C:\Users\alexm\AppData\Local\Programs\Python\Python36\lib\json\decoder.py", line 357, in raw_decode
    raise JSONDecodeError("Expecting value", s, err.value) from None
json.decoder.JSONDecodeError: Expecting value: line 1 column 1 (char 0)
ERROR:root:Except on auto_unfollow!
Traceback (most recent call last):
  File "E:\Users\Alexmp\Documents\MEGAsync\Cosas_Uni\Proyectos\BotInsta\instabot.py-master\src\instabot.py", line 847, in auto_unfollow
    all_data = json.loads(r.text)
  File "C:\Users\alexm\AppData\Local\Programs\Python\Python36\lib\json\__init__.py", line 354, in loads
    return _default_decoder.decode(s)
  File "C:\Users\alexm\AppData\Local\Programs\Python\Python36\lib\json\decoder.py", line 339, in decode
    obj, end = self.raw_decode(s, idx=_w(s, 0).end())
  File "C:\Users\alexm\AppData\Local\Programs\Python\Python36\lib\json\decoder.py", line 357, in raw_decode
    raise JSONDecodeError("Expecting value", s, err.value) from None
json.decoder.JSONDecodeError: Expecting value: line 1 column 1 (char 0)
